# JRE version: OpenJDK Runtime Environment (17.0.6) (build 17.0.6+0-b2043.56-10027231)
# Java VM: OpenJDK 64-Bit Server VM (17.0.6+0-b2043.56-10027231, mixed mode, tiered, compressed oops, compressed class ptrs, g1 gc, windows-amd64)
GC Precious Log:
 CPUs: 4 total, 4 available
 Memory: 3971M
 Large Page Support: Disabled
 NUMA Support: Disabled
 Compressed Oops: Enabled (32-bit)
 Heap Region Size: 1M
 Heap Min Capacity: 8M
 Heap Initial Capacity: 64M
 Heap Max Capacity: 2G
 Pre-touch: Disabled
 Parallel Workers: 4
 Concurrent Workers: 1
 Concurrent Refinement Workers: 4
 Periodic GC: Disabled
Heap:
 garbage-first heap   total 232448K, used 181995K [0x0000000080000000, 0x0000000100000000)
  region size 1024K, 2 young (2048K), 2 survivors (2048K)
 Metaspace       used 107241K, committed 107968K, reserved 1146880K
  class space    used 14159K, committed 14528K, reserved 1048576K
GC Heap History (20 events):
Event: 58.503 GC heap after
{Heap after GC invocations=50 (full 0):
 garbage-first heap   total 232448K, used 126529K [0x0000000080000000, 0x0000000100000000)
  region size 1024K, 4 young (4096K), 4 survivors (4096K)
 Metaspace       used 93651K, committed 94272K, reserved 1130496K
  class space    used 12423K, committed 12736K, reserved 1048576K
}
Event: 59.591 GC heap before
{Heap before GC invocations=50 (full 0):
 garbage-first heap   total 232448K, used 171585K [0x0000000080000000, 0x0000000100000000)
  region size 1024K, 48 young (49152K), 4 survivors (4096K)
 Metaspace       used 93916K, committed 94656K, reserved 1138688K
  class space    used 12449K, committed 12800K, reserved 1048576K
}
Event: 59.605 GC heap after
{Heap after GC invocations=51 (full 0):
 garbage-first heap   total 232448K, used 130048K [0x0000000080000000, 0x0000000100000000)
  region size 1024K, 6 young (6144K), 6 survivors (6144K)
 Metaspace       used 93916K, committed 94656K, reserved 1138688K
  class space    used 12449K, committed 12800K, reserved 1048576K
}
Event: 60.546 GC heap before
{Heap before GC invocations=51 (full 0):
 garbage-first heap   total 232448K, used 176128K [0x0000000080000000, 0x0000000100000000)
  region size 1024K, 52 young (53248K), 6 survivors (6144K)
 Metaspace       used 95430K, committed 96064K, reserved 1138688K
  class space    used 12602K, committed 12928K, reserved 1048576K
}
Event: 60.558 GC heap after
{Heap after GC invocations=52 (full 0):
 garbage-first heap   total 232448K, used 130241K [0x0000000080000000, 0x0000000100000000)
  region size 1024K, 4 young (4096K), 4 survivors (4096K)
 Metaspace       used 95430K, committed 96064K, reserved 1138688K
  class space    used 12602K, committed 12928K, reserved 1048576K
}
Event: 65.504 GC heap before
{Heap before GC invocations=52 (full 0):
 garbage-first heap   total 232448K, used 179393K [0x0000000080000000, 0x0000000100000000)
  region size 1024K, 53 young (54272K), 4 survivors (4096K)
 Metaspace       used 98478K, committed 99200K, reserved 1138688K
  class space    used 12991K, committed 13312K, reserved 1048576K
}
Event: 65.539 GC heap after
{Heap after GC invocations=53 (full 0):
 garbage-first heap   total 232448K, used 132021K [0x0000000080000000, 0x0000000100000000)
  region size 1024K, 5 young (5120K), 5 survivors (5120K)
 Metaspace       used 98478K, committed 99200K, reserved 1138688K
  class space    used 12991K, committed 13312K, reserved 1048576K
}
Event: 76.395 GC heap before
{Heap before GC invocations=53 (full 0):
 garbage-first heap   total 232448K, used 183221K [0x0000000080000000, 0x0000000100000000)
  region size 1024K, 56 young (57344K), 5 survivors (5120K)
 Metaspace       used 101900K, committed 102592K, reserved 1138688K
  class space    used 13421K, committed 13760K, reserved 1048576K
}
Event: 76.437 GC heap after
{Heap after GC invocations=54 (full 0):
 garbage-first heap   total 232448K, used 137766K [0x0000000080000000, 0x0000000100000000)
  region size 1024K, 7 young (7168K), 7 survivors (7168K)
 Metaspace       used 101900K, committed 102592K, reserved 1138688K
  class space    used 13421K, committed 13760K, reserved 1048576K
}
Event: 79.914 GC heap before
{Heap before GC invocations=54 (full 0):
 garbage-first heap   total 232448K, used 185894K [0x0000000080000000, 0x0000000100000000)
  region size 1024K, 55 young (56320K), 7 survivors (7168K)
 Metaspace       used 102862K, committed 103616K, reserved 1138688K
  class space    used 13543K, committed 13952K, reserved 1048576K
}
Event: 79.953 GC heap after
{Heap after GC invocations=55 (full 0):
 garbage-first heap   total 232448K, used 143223K [0x0000000080000000, 0x0000000100000000)
  region size 1024K, 7 young (7168K), 7 survivors (7168K)
 Metaspace       used 102862K, committed 103616K, reserved 1138688K
  class space    used 13543K, committed 13952K, reserved 1048576K
}
Event: 81.033 GC heap before
{Heap before GC invocations=55 (full 0):
 garbage-first heap   total 232448K, used 198519K [0x0000000080000000, 0x0000000100000000)
  region size 1024K, 51 young (52224K), 7 survivors (7168K)
 Metaspace       used 103567K, committed 104320K, reserved 1146880K
  class space    used 13646K, committed 14016K, reserved 1048576K
}
Event: 81.058 GC heap after
{Heap after GC invocations=56 (full 0):
 garbage-first heap   total 232448K, used 162295K [0x0000000080000000, 0x0000000100000000)
  region size 1024K, 7 young (7168K), 7 survivors (7168K)
 Metaspace       used 103567K, committed 104320K, reserved 1146880K
  class space    used 13646K, committed 14016K, reserved 1048576K
}
Event: 81.623 GC heap before
{Heap before GC invocations=56 (full 0):
 garbage-first heap   total 232448K, used 194039K [0x0000000080000000, 0x0000000100000000)
  region size 1024K, 38 young (38912K), 7 survivors (7168K)
 Metaspace       used 105455K, committed 106176K, reserved 1146880K
  class space    used 13896K, committed 14272K, reserved 1048576K
}
Event: 81.636 GC heap after
{Heap after GC invocations=57 (full 0):
 garbage-first heap   total 232448K, used 164075K [0x0000000080000000, 0x0000000100000000)
  region size 1024K, 2 young (2048K), 2 survivors (2048K)
 Metaspace       used 105455K, committed 106176K, reserved 1146880K
  class space    used 13896K, committed 14272K, reserved 1048576K
}
Event: 82.104 GC heap before
{Heap before GC invocations=57 (full 0):
 garbage-first heap   total 232448K, used 193771K [0x0000000080000000, 0x0000000100000000)
  region size 1024K, 19 young (19456K), 2 survivors (2048K)
 Metaspace       used 107236K, committed 107968K, reserved 1146880K
  class space    used 14159K, committed 14528K, reserved 1048576K
}
Event: 82.113 GC heap after
{Heap after GC invocations=58 (full 0):
 garbage-first heap   total 232448K, used 174433K [0x0000000080000000, 0x0000000100000000)
  region size 1024K, 5 young (5120K), 5 survivors (5120K)
 Metaspace       used 107236K, committed 107968K, reserved 1146880K
  class space    used 14159K, committed 14528K, reserved 1048576K
}
Event: 82.122 GC heap before
{Heap before GC invocations=58 (full 0):
 garbage-first heap   total 232448K, used 185697K [0x0000000080000000, 0x0000000100000000)
  region size 1024K, 8 young (8192K), 5 survivors (5120K)
 Metaspace       used 107241K, committed 107968K, reserved 1146880K
  class space    used 14159K, committed 14528K, reserved 1048576K
}
Event: 82.129 GC heap after
{Heap after GC invocations=59 (full 0):
 garbage-first heap   total 232448K, used 178925K [0x0000000080000000, 0x0000000100000000)
  region size 1024K, 2 young (2048K), 2 survivors (2048K)
 Metaspace       used 107241K, committed 107968K, reserved 1146880K
  class space    used 14159K, committed 14528K, reserved 1048576K
}
Event: 82.130 GC heap before
{Heap before GC invocations=59 (full 0):
 garbage-first heap   total 232448K, used 181997K [0x0000000080000000, 0x0000000100000000)
  region size 1024K, 3 young (3072K), 2 survivors (2048K)
 Metaspace       used 107241K, committed 107968K, reserved 1146880K
  class space    used 14159K, committed 14528K, reserved 1048576K
}

